CK_Syn_WH8109_00604	1219	Q54B75	0.7334738487226105
CK_Syn_BL107_17421	1219	P0DJM5	0.995199978351593
CK_Syn_CC9311_02978	1219	Q6MWV1	0.6683210171284202
CK_Syn_CC9902_02402	1219	P0DJM5	0.995199978351593
CK_Cya_WH5701_02244	1219	P80460	0.9958000183105469
CK_Cya_WH5701_16149	1219	P83348	0.9954000115394592
CK_Syn_WH7805_14507	1219	Q48439	0.6354688034259794
CK_Syn_WH8109_01818	1219	P0DSH1	0.995199978351593
CK_Syn_RCC307_00189	1219	P81343	0.6260859984412193
CK_Syn_RS9916_32917	1219	P42456	0.6380503788300516
CK_Syn_RS9917_04550	1219	Q6MWV1	0.6769684152115154
CK_Cya_WH5701_03289	1219	P83960	0.7211880337889198
CK_Cya_WH5701_08709	1219	P37133	0.6112814499157047
CK_Cya_WH5701_10824	1219	Q7KF89	0.7360898355347061
CK_Cya_WH5701_14061	1219	Q6MWV1	0.7083411125077248
CK_Syn_WH7805_07806	1219	Q48439	0.632531575750761
CK_Syn_WH7805_10728	1219	P85371	0.6587751130226991
CK_Syn_RS9916_26824	1219	P86549	0.9962000250816345
CK_Syn_RS9917_07975	1219	Q8IVG9	0.9955000281333923
CK_Cya_WH5701_04120	1219	P83960	0.67285635623373
CK_Cya_WH5701_08354	1219	P0C5P3	0.7386103400069999
CK_Syn_WH8109_00729	1219	C1P616	0.7911421253291131
CK_Syn_WH8109_01742	1219	P15871	0.9954000115394592