CK_Syn_WH8109_00604	1219	Q54B75	0.7334738487226105
CK_Syn_WH8109_00604	1219	Q58864	0.7244191536315441
CK_Syn_WH8109_00604	1219	Q7KF89	0.723778148565188
CK_Syn_WH8109_00604	1219	P24262	0.723389002896262
CK_Syn_WH8109_00604	1219	Q9TWW7	0.7218224509699915
CK_Syn_BL107_17421	1219	P0DJM5	0.995199978351593
CK_Syn_BL107_17421	1219	P0DJP8	0.995199978351593
CK_Syn_BL107_17421	1219	P24803	0.6741177587263678
CK_Syn_BL107_17421	1219	P0C824	0.6717767162978561
CK_Syn_BL107_17421	1219	P0C825	0.6717767162978561
CK_Syn_CC9311_02978	1219	Q6MWV1	0.6683210171284202
CK_Syn_CC9311_02978	1219	P83960	0.6602469884824842
CK_Syn_CC9311_02978	1219	Q76NV7	0.6592761186756135
CK_Syn_CC9311_02978	1219	P24803	0.6536807340934558
CK_Syn_CC9311_02978	1219	P24262	0.6508829862289716
CK_Syn_CC9902_02402	1219	P0DJM5	0.995199978351593
CK_Syn_CC9902_02402	1219	P0DJP8	0.995199978351593
CK_Syn_CC9902_02402	1219	P24803	0.6741177587263678
CK_Syn_CC9902_02402	1219	P0C824	0.6717767162978561
CK_Syn_CC9902_02402	1219	P0C825	0.6717767162978561
CK_Cya_WH5701_02244	1219	P80460	0.9958000183105469
CK_Cya_WH5701_02244	1219	P32371	0.9952999949455261
CK_Cya_WH5701_02244	1219	P93292	0.6796439758477213
CK_Cya_WH5701_02244	1219	Q54B75	0.6712233016617013
CK_Cya_WH5701_02244	1219	Q58864	0.6685880250661178
CK_Cya_WH5701_16149	1219	P83348	0.9954000115394592
CK_Cya_WH5701_16149	1219	P83153	0.9950000047683716
CK_Cya_WH5701_16149	1219	P24803	0.5994232693175796
CK_Cya_WH5701_16149	1219	Q9VBL7	0.595611645412788
CK_Cya_WH5701_16149	1219	P24262	0.5948743073401168
CK_Syn_WH7805_14507	1219	Q48439	0.6354688034259794
CK_Syn_WH7805_14507	1219	Q6MWV1	0.6345637084601208
CK_Syn_WH7805_14507	1219	Q76NV7	0.6283672774166966
CK_Syn_WH7805_14507	1219	P24803	0.6249973254097938
CK_Syn_WH7805_14507	1219	P0C7K5	0.622227214963722
CK_Syn_WH8109_01818	1219	P0DSH1	0.995199978351593
CK_Syn_WH8109_01818	1219	P62947	0.7035353762539387
CK_Syn_WH8109_01818	1219	Q6YLX4	0.7035353762539387
CK_Syn_WH8109_01818	1219	Q5RFG9	0.7035353762539387
CK_Syn_WH8109_01818	1219	P62948	0.7035353762539387
CK_Syn_RCC307_00189	1219	P81343	0.6260859984412193
CK_Syn_RCC307_00189	1219	P24262	0.6183037814078141
CK_Syn_RCC307_00189	1219	Q9TWW7	0.615832994164009
CK_Syn_RCC307_00189	1219	P59066	0.6078790985685636
CK_Syn_RCC307_00189	1219	C0HLQ6	0.6030589073611452
CK_Syn_RS9916_32917	1219	P42456	0.6380503788300516
CK_Syn_RS9916_32917	1219	P62947	0.6367663508946038
CK_Syn_RS9916_32917	1219	Q6YLX4	0.6367663508946038
CK_Syn_RS9916_32917	1219	Q5RFG9	0.6367663508946038
CK_Syn_RS9916_32917	1219	P62948	0.6367663508946038
CK_Syn_RS9917_04550	1219	Q6MWV1	0.6769684152115154
CK_Syn_RS9917_04550	1219	P62947	0.657364545067253
CK_Syn_RS9917_04550	1219	Q6YLX4	0.657364545067253
CK_Syn_RS9917_04550	1219	Q5RFG9	0.657364545067253
CK_Syn_RS9917_04550	1219	P62948	0.657364545067253
CK_Cya_WH5701_03289	1219	P83960	0.7211880337889198
CK_Cya_WH5701_03289	1219	P11221	0.6895652755634885
CK_Cya_WH5701_03289	1219	Q58864	0.6876037080338193
CK_Cya_WH5701_03289	1219	Q57873	0.6859687529504299
CK_Cya_WH5701_03289	1219	P02938	0.6853649266033557
CK_Cya_WH5701_08709	1219	P37133	0.6112814499157047
CK_Cya_WH5701_08709	1219	Q54B75	0.6035590192656137
CK_Cya_WH5701_08709	1219	Q60322	0.6032863192447948
CK_Cya_WH5701_08709	1219	P39746	0.6011771011015803
CK_Cya_WH5701_08709	1219	P24803	0.5957930753483396
CK_Cya_WH5701_10824	1219	Q7KF89	0.7360898355347061
CK_Cya_WH5701_10824	1219	C1P616	0.7359657547638321
CK_Cya_WH5701_10824	1219	P62947	0.7311601734884547
CK_Cya_WH5701_10824	1219	Q6YLX4	0.7311601734884547
CK_Cya_WH5701_10824	1219	Q5RFG9	0.7311601734884547
CK_Cya_WH5701_14061	1219	Q6MWV1	0.7083411125077248
CK_Cya_WH5701_14061	1219	P11221	0.7075903518280029
CK_Cya_WH5701_14061	1219	Q54B75	0.7034498665643696
CK_Cya_WH5701_14061	1219	Q9SHJ6	0.6999319740347865
CK_Cya_WH5701_14061	1219	P62947	0.6995615841352176
CK_Syn_WH7805_07806	1219	Q48439	0.632531575750761
CK_Syn_WH7805_07806	1219	Q8X8T5	0.6076199135337639
CK_Syn_WH7805_07806	1219	P86364	0.6063865343732644
CK_Syn_WH7805_07806	1219	P60997	0.6037194416144658
CK_Syn_WH7805_07806	1219	P60996	0.6037194416144658
CK_Syn_WH7805_10728	1219	P85371	0.6587751130226991
CK_Syn_WH7805_10728	1219	P50071	0.6312081383834744
CK_Syn_WH7805_10728	1219	P84286	0.6151969699345017
CK_Syn_WH7805_10728	1219	Q9VBL7	0.6149431256202504
CK_Syn_WH7805_10728	1219	P14459	0.614383402657328
CK_Syn_RS9916_26824	1219	P86549	0.9962000250816345
CK_Syn_RS9916_26824	1219	P33036	0.995199978351593
CK_Syn_RS9916_26824	1219	P50071	0.5842779941470617
CK_Syn_RS9916_26824	1219	P81904	0.5710628150381467
CK_Syn_RS9916_26824	1219	P85371	0.5663727804884431
CK_Syn_RS9917_07975	1219	Q8IVG9	0.9955000281333923
CK_Syn_RS9917_07975	1219	Q48439	0.6709200971134948
CK_Syn_RS9917_07975	1219	P42456	0.6479090684639637
CK_Syn_RS9917_07975	1219	Q8X8T5	0.6412279526615521
CK_Syn_RS9917_07975	1219	Q8TGV0	0.6300214850902748
CK_Cya_WH5701_04120	1219	P83960	0.67285635623373
CK_Cya_WH5701_04120	1219	P85371	0.6587974371595955
CK_Cya_WH5701_04120	1219	P24262	0.6476394464407349
CK_Cya_WH5701_04120	1219	P11221	0.6462708155576706
CK_Cya_WH5701_04120	1219	P86246	0.6378396058944702